<?xml version="1.0" encoding="UTF-8"?>
<testng-results ignored="0" total="1" passed="1" failed="0" skipped="0">
  <reporter-output>
  </reporter-output>
  <suite started-at="2025-04-24T17:14:46 IST" name="Default suite" finished-at="2025-04-24T17:14:47 IST" duration-ms="81">
    <groups>
    </groups>
    <test started-at="2025-04-24T17:14:46 IST" name="Default test" finished-at="2025-04-24T17:14:47 IST" duration-ms="81">
      <class name="file.Yoga">
        <test-method signature="yogatest()[pri:0, instance:file.Yoga@36ebc363]" started-at="2025-04-24T17:14:47 IST" name="yogatest" finished-at="2025-04-24T17:14:47 IST" duration-ms="13" status="PASS">
          <reporter-output>
          </reporter-output>
        </test-method> <!-- yogatest -->
      </class> <!-- file.Yoga -->
    </test> <!-- Default test -->
  </suite> <!-- Default suite -->
</testng-results>
